<?xml version="1.0" encoding="UTF-8"?>
<testsuite xmlns:xsi="http://www.w3.org/2001/XMLSchema-instance" xsi:noNamespaceSchemaLocation="https://maven.apache.org/surefire/maven-surefire-plugin/xsd/surefire-test-report-3.0.xsd" version="3.0" name="com.stockmanagement.service.StockServiceTests" time="0.725" tests="2" errors="0" skipped="0" failures="0">
  <properties>
[...]
</properties>
  <testcase name="testGetStockPrice_ApiError" classname="com.stockmanagement.service.StockServiceTests" time="0.694">
    <system-out><![CDATA[23:25:11,938 |-INFO in ch.qos.logback.classic.LoggerContext[default] - This is logback-classic version 1.5.6
23:25:11,939 |-INFO in ch.qos.logback.classic.util.ContextInitializer@75c56eb9 - Here is a list of configurators discovered as a service, by rank: 
23:25:11,939 |-INFO in ch.qos.logback.classic.util.ContextInitializer@75c56eb9 -   org.springframework.boot.logging.logback.RootLogLevelConfigurator
23:25:11,939 |-INFO in ch.qos.logback.classic.util.ContextInitializer@75c56eb9 - They will be invoked in order until ExecutionStatus.DO_NOT_INVOKE_NEXT_IF_ANY is returned.
23:25:11,939 |-INFO in ch.qos.logback.classic.util.ContextInitializer@75c56eb9 - Constructed configurator of type class org.springframework.boot.logging.logback.RootLogLevelConfigurator
23:25:11,941 |-INFO in ch.qos.logback.classic.util.ContextInitializer@75c56eb9 - org.springframework.boot.logging.logback.RootLogLevelConfigurator.configure() call lasted 0 milliseconds. ExecutionStatus=INVOKE_NEXT_IF_ANY
23:25:11,941 |-INFO in ch.qos.logback.classic.util.ContextInitializer@75c56eb9 - Trying to configure with ch.qos.logback.classic.joran.SerializedModelConfigurator
23:25:11,942 |-INFO in ch.qos.logback.classic.util.ContextInitializer@75c56eb9 - Constructed configurator of type class ch.qos.logback.classic.joran.SerializedModelConfigurator
23:25:11,943 |-INFO in ch.qos.logback.classic.LoggerContext[default] - Could NOT find resource [logback-test.scmo]
23:25:11,943 |-INFO in ch.qos.logback.classic.LoggerContext[default] - Could NOT find resource [logback.scmo]
23:25:11,943 |-INFO in ch.qos.logback.classic.util.ContextInitializer@75c56eb9 - ch.qos.logback.classic.joran.SerializedModelConfigurator.configure() call lasted 1 milliseconds. ExecutionStatus=INVOKE_NEXT_IF_ANY
23:25:11,943 |-INFO in ch.qos.logback.classic.util.ContextInitializer@75c56eb9 - Trying to configure with ch.qos.logback.classic.util.DefaultJoranConfigurator
23:25:11,944 |-INFO in ch.qos.logback.classic.util.ContextInitializer@75c56eb9 - Constructed configurator of type class ch.qos.logback.classic.util.DefaultJoranConfigurator
23:25:11,944 |-INFO in ch.qos.logback.classic.LoggerContext[default] - Could NOT find resource [logback-test.xml]
23:25:11,944 |-INFO in ch.qos.logback.classic.LoggerContext[default] - Found resource [logback.xml] at [jar:file:/Users/just_chakri/.m2/repository/io/github/deweyjose/graphqlcodegen-maven-plugin/1.50/graphqlcodegen-maven-plugin-1.50.jar!/logback.xml]
23:25:11,947 |-INFO in ch.qos.logback.core.joran.spi.ConfigurationWatchList@4bc222e - URL [jar:file:/Users/just_chakri/.m2/repository/io/github/deweyjose/graphqlcodegen-maven-plugin/1.50/graphqlcodegen-maven-plugin-1.50.jar!/logback.xml] is not of type file
23:25:12,001 |-INFO in ch.qos.logback.core.model.processor.AppenderModelHandler - Processing appender named [stdout]
23:25:12,001 |-INFO in ch.qos.logback.core.model.processor.AppenderModelHandler - About to instantiate appender of type [ch.qos.logback.core.ConsoleAppender]
23:25:12,014 |-WARN in ch.qos.logback.core.ConsoleAppender[stdout] - This appender no longer admits a layout as a sub-component, set an encoder instead.
23:25:12,014 |-WARN in ch.qos.logback.core.ConsoleAppender[stdout] - To ensure compatibility, wrapping your layout in LayoutWrappingEncoder.
23:25:12,014 |-WARN in ch.qos.logback.core.ConsoleAppender[stdout] - See also http://logback.qos.ch/codes.html#layoutInsteadOfEncoder for details
23:25:12,014 |-INFO in ch.qos.logback.core.model.processor.AppenderModelHandler - Processing appender named [fout]
23:25:12,014 |-INFO in ch.qos.logback.core.model.processor.AppenderModelHandler - About to instantiate appender of type [ch.qos.logback.core.FileAppender]
23:25:12,016 |-INFO in ch.qos.logback.core.model.processor.ImplicitModelHandler - Assuming default type [ch.qos.logback.classic.encoder.PatternLayoutEncoder] for [encoder] property
23:25:12,017 |-INFO in ch.qos.logback.core.FileAppender[fout] - File property is set to [baeldung.log]
23:25:12,018 |-INFO in ch.qos.logback.classic.model.processor.LoggerModelHandler - Setting level of logger [com.baeldung.log4j] to TRACE
23:25:12,018 |-INFO in ch.qos.logback.classic.model.processor.RootLoggerModelHandler - Setting level of ROOT logger to INFO
23:25:12,018 |-INFO in ch.qos.logback.core.model.processor.AppenderRefModelHandler - Attaching appender named [stdout] to Logger[ROOT]
23:25:12,018 |-INFO in ch.qos.logback.core.model.processor.AppenderRefModelHandler - Attaching appender named [fout] to Logger[ROOT]
23:25:12,018 |-INFO in ch.qos.logback.core.model.processor.DefaultProcessor@2dc9b0f5 - End of configuration.
23:25:12,018 |-INFO in ch.qos.logback.classic.joran.JoranConfigurator@6531a794 - Registering current configuration as safe fallback point
23:25:12,018 |-INFO in ch.qos.logback.classic.util.ContextInitializer@75c56eb9 - ch.qos.logback.classic.util.DefaultJoranConfigurator.configure() call lasted 74 milliseconds. ExecutionStatus=DO_NOT_INVOKE_NEXT_IF_ANY

]]></system-out>
    <system-err><![CDATA[Aug 09, 2024 11:25:11 PM org.junit.platform.launcher.core.LauncherConfigurationParameters loadClasspathResource
WARNING: Discovered 2 'junit-platform.properties' configuration files in the classpath; only the first will be used.
Aug 09, 2024 11:25:11 PM org.junit.platform.launcher.core.LauncherConfigurationParameters loadClasspathResource
WARNING: Discovered 2 'junit-platform.properties' configuration files in the classpath; only the first will be used.
Aug 09, 2024 11:25:11 PM org.junit.platform.launcher.core.LauncherConfigurationParameters loadClasspathResource
WARNING: Discovered 2 'junit-platform.properties' configuration files in the classpath; only the first will be used.
Aug 09, 2024 11:25:11 PM org.junit.platform.launcher.core.LauncherConfigurationParameters loadClasspathResource
WARNING: Discovered 2 'junit-platform.properties' configuration files in the classpath; only the first will be used.
Aug 09, 2024 11:25:11 PM org.junit.platform.launcher.core.LauncherConfigurationParameters loadClasspathResource
WARNING: Discovered 2 'junit-platform.properties' configuration files in the classpath; only the first will be used.
WARNING: A Java agent has been loaded dynamically (/Users/just_chakri/.m2/repository/net/bytebuddy/byte-buddy-agent/1.14.18/byte-buddy-agent-1.14.18.jar)
WARNING: If a serviceability tool is in use, please run with -XX:+EnableDynamicAgentLoading to hide this warning
WARNING: If a serviceability tool is not in use, please run with -Djdk.instrument.traceUsage for more information
WARNING: Dynamic loading of agents will be disallowed by default in a future release
]]></system-err>
  </testcase>
  <testcase name="testGetStockPrice_Success" classname="com.stockmanagement.service.StockServiceTests" time="0.012"/>
</testsuite>